Arguments: 
  C:\Program Files\nodejs\node.exe C:\Users\vm82820\AppData\Roaming\npm\node_modules\yarn\bin\yarn.js add @types/node typescript

PATH: 
  C:\Users\vm82820\AppData\Roaming\npm;C:\Users\vm82820\Documents\crud-typescript\node_modules\.bin;C:\Users\vm82820\Documents\node_modules\.bin;C:\Users\vm82820\node_modules\.bin;C:\Users\node_modules\.bin;C:\node_modules\.bin;C:\Program Files\nodejs\node_modules\npm\node_modules\@npmcli\run-script\lib\node-gyp-bin;C:\Program Files (x86)\Common Files\Oracle\Java\javapath;C:\WINDOWS\system32;C:\WINDOWS;C:\WINDOWS\System32\Wbem;C:\WINDOWS\System32\WindowsPowerShell\v1.0\;C:\WINDOWS\System32\OpenSSH\;C:\Program Files\Microsoft VS Code\bin;C:\Program Files\nodejs\;C:\Program Files\Git\cmd;C:\Users\vm82820\AppData\Local\Microsoft\WindowsApps;"C:\Users\vm82820\AppData\Roaming\npm;";"C:\Users\vm82820\AppData\Roaming\yarn;";

Yarn version: 
  1.22.19

Node version: 
  18.14.1

Platform: 
  win32 x64

Trace: 
  Error: self-signed certificate in certificate chain
      at TLSSocket.onConnectSecure (node:_tls_wrap:1540:34)
      at TLSSocket.emit (node:events:513:28)
      at TLSSocket._finishInit (node:_tls_wrap:959:8)
      at ssl.onhandshakedone (node:_tls_wrap:743:12)

npm manifest: 
  {
    "name": "crud-typescript",
    "version": "1.0.0",
    "main": "/src/index.ts",
    "license": "MIT",
    "scripts": {
      "dev": "ts-node ./src/index.ts",
      "build": "tsc",
      "start": "node ./dist/index.js"
  }
  }

yarn manifest: 
  No manifest

Lockfile: 
  No lockfile
